# JRE version: Java(TM) SE Runtime Environment (8.0_161-b12) (build 1.8.0_161-b12)
# Java VM: Java HotSpot(TM) 64-Bit Server VM (25.161-b12 mixed mode linux-amd64 compressed oops)
Heap:
 PSYoungGen      total 137216K, used 10233K [0x00000000d7000000, 0x00000000e0000000, 0x0000000100000000)
  eden space 126976K, 0% used [0x00000000d7000000,0x00000000d7000000,0x00000000dec00000)
  from space 10240K, 99% used [0x00000000dec00000,0x00000000df5fe4b0,0x00000000df600000)
  to   space 10240K, 0% used [0x00000000df600000,0x00000000df600000,0x00000000e0000000)
 ParOldGen       total 84992K, used 24849K [0x0000000085000000, 0x000000008a300000, 0x00000000d7000000)
  object space 84992K, 29% used [0x0000000085000000,0x0000000086844720,0x000000008a300000)
 Metaspace       used 20682K, capacity 21130K, committed 21296K, reserved 1069056K
  class space    used 2446K, capacity 2599K, committed 2688K, reserved 1048576K
GC Heap History (10 events):
Event: 2,638 GC heap after
Heap after GC invocations=2 (full 0):
 PSYoungGen      total 36864K, used 5116K [0x00000000d7000000, 0x00000000d9900000, 0x0000000100000000)
  eden space 31744K, 0% used [0x00000000d7000000,0x00000000d7000000,0x00000000d8f00000)
  from space 5120K, 99% used [0x00000000d9400000,0x00000000d98ff280,0x00000000d9900000)
  to   space 5120K, 0% used [0x00000000d8f00000,0x00000000d8f00000,0x00000000d9400000)
 ParOldGen       total 84992K, used 1935K [0x0000000085000000, 0x000000008a300000, 0x00000000d7000000)
  object space 84992K, 2% used [0x0000000085000000,0x00000000851e3f38,0x000000008a300000)
 Metaspace       used 12640K, capacity 12930K, committed 13312K, reserved 1060864K
  class space    used 1563K, capacity 1684K, committed 1792K, reserved 1048576K
}
Event: 3,146 GC heap before
{Heap before GC invocations=3 (full 0):
 PSYoungGen      total 36864K, used 36860K [0x00000000d7000000, 0x00000000d9900000, 0x0000000100000000)
  eden space 31744K, 100% used [0x00000000d7000000,0x00000000d8f00000,0x00000000d8f00000)
  from space 5120K, 99% used [0x00000000d9400000,0x00000000d98ff280,0x00000000d9900000)
  to   space 5120K, 0% used [0x00000000d8f00000,0x00000000d8f00000,0x00000000d9400000)
 ParOldGen       total 84992K, used 1935K [0x0000000085000000, 0x000000008a300000, 0x00000000d7000000)
  object space 84992K, 2% used [0x0000000085000000,0x00000000851e3f38,0x000000008a300000)
 Metaspace       used 13377K, capacity 13702K, committed 13824K, reserved 1060864K
  class space    used 1626K, capacity 1727K, committed 1792K, reserved 1048576K
Event: 3,157 GC heap after
Heap after GC invocations=3 (full 0):
 PSYoungGen      total 36864K, used 5088K [0x00000000d7000000, 0x00000000db800000, 0x0000000100000000)
  eden space 31744K, 0% used [0x00000000d7000000,0x00000000d7000000,0x00000000d8f00000)
  from space 5120K, 99% used [0x00000000d8f00000,0x00000000d93f8020,0x00000000d9400000)
  to   space 5120K, 0% used [0x00000000db300000,0x00000000db300000,0x00000000db800000)
 ParOldGen       total 84992K, used 3124K [0x0000000085000000, 0x000000008a300000, 0x00000000d7000000)
  object space 84992K, 3% used [0x0000000085000000,0x000000008530d1b8,0x000000008a300000)
 Metaspace       used 13377K, capacity 13702K, committed 13824K, reserved 1060864K
  class space    used 1626K, capacity 1727K, committed 1792K, reserved 1048576K
}
Event: 3,406 GC heap before
{Heap before GC invocations=4 (full 0):
 PSYoungGen      total 36864K, used 36832K [0x00000000d7000000, 0x00000000db800000, 0x0000000100000000)
  eden space 31744K, 100% used [0x00000000d7000000,0x00000000d8f00000,0x00000000d8f00000)
  from space 5120K, 99% used [0x00000000d8f00000,0x00000000d93f8020,0x00000000d9400000)
  to   space 5120K, 0% used [0x00000000db300000,0x00000000db300000,0x00000000db800000)
 ParOldGen       total 84992K, used 3124K [0x0000000085000000, 0x000000008a300000, 0x00000000d7000000)
  object space 84992K, 3% used [0x0000000085000000,0x000000008530d1b8,0x000000008a300000)
 Metaspace       used 13561K, capacity 13926K, committed 14080K, reserved 1060864K
  class space    used 1644K, capacity 1759K, committed 1792K, reserved 1048576K
Event: 3,417 GC heap after
Heap after GC invocations=4 (full 0):
 PSYoungGen      total 68608K, used 5104K [0x00000000d7000000, 0x00000000db800000, 0x0000000100000000)
  eden space 63488K, 0% used [0x00000000d7000000,0x00000000d7000000,0x00000000dae00000)
  from space 5120K, 99% used [0x00000000db300000,0x00000000db7fc010,0x00000000db800000)
  to   space 5120K, 0% used [0x00000000dae00000,0x00000000dae00000,0x00000000db300000)
 ParOldGen       total 84992K, used 5282K [0x0000000085000000, 0x000000008a300000, 0x00000000d7000000)
  object space 84992K, 6% used [0x0000000085000000,0x0000000085528ab0,0x000000008a300000)
 Metaspace       used 13561K, capacity 13926K, committed 14080K, reserved 1060864K
  class space    used 1644K, capacity 1759K, committed 1792K, reserved 1048576K
}
Event: 4,801 GC heap before
{Heap before GC invocations=5 (full 0):
 PSYoungGen      total 68608K, used 68592K [0x00000000d7000000, 0x00000000db800000, 0x0000000100000000)
  eden space 63488K, 100% used [0x00000000d7000000,0x00000000dae00000,0x00000000dae00000)
  from space 5120K, 99% used [0x00000000db300000,0x00000000db7fc010,0x00000000db800000)
  to   space 5120K, 0% used [0x00000000dae00000,0x00000000dae00000,0x00000000db300000)
 ParOldGen       total 84992K, used 5282K [0x0000000085000000, 0x000000008a300000, 0x00000000d7000000)
  object space 84992K, 6% used [0x0000000085000000,0x0000000085528ab0,0x000000008a300000)
 Metaspace       used 13809K, capacity 14148K, committed 14336K, reserved 1062912K
  class space    used 1649K, capacity 1764K, committed 1792K, reserved 1048576K
Event: 4,813 GC heap after
Heap after GC invocations=5 (full 0):
 PSYoungGen      total 68608K, used 5088K [0x00000000d7000000, 0x00000000e0000000, 0x0000000100000000)
  eden space 63488K, 0% used [0x00000000d7000000,0x00000000d7000000,0x00000000dae00000)
  from space 5120K, 99% used [0x00000000dae00000,0x00000000db2f8020,0x00000000db300000)
  to   space 10240K, 0% used [0x00000000df600000,0x00000000df600000,0x00000000e0000000)
 ParOldGen       total 84992K, used 9298K [0x0000000085000000, 0x000000008a300000, 0x00000000d7000000)
  object space 84992K, 10% used [0x0000000085000000,0x0000000085914ab0,0x000000008a300000)
 Metaspace       used 13809K, capacity 14148K, committed 14336K, reserved 1062912K
  class space    used 1649K, capacity 1764K, committed 1792K, reserved 1048576K
}
Event: 7,173 GC heap before
{Heap before GC invocations=6 (full 0):
 PSYoungGen      total 68608K, used 68576K [0x00000000d7000000, 0x00000000e0000000, 0x0000000100000000)
  eden space 63488K, 100% used [0x00000000d7000000,0x00000000dae00000,0x00000000dae00000)
  from space 5120K, 99% used [0x00000000dae00000,0x00000000db2f8020,0x00000000db300000)
  to   space 10240K, 0% used [0x00000000df600000,0x00000000df600000,0x00000000e0000000)
 ParOldGen       total 84992K, used 9298K [0x0000000085000000, 0x000000008a300000, 0x00000000d7000000)
  object space 84992K, 10% used [0x0000000085000000,0x0000000085914ab0,0x000000008a300000)
 Metaspace       used 15127K, capacity 15526K, committed 15744K, reserved 1062912K
  class space    used 1787K, capacity 1879K, committed 1920K, reserved 1048576K
Event: 7,186 GC heap after
Heap after GC invocations=6 (full 0):
 PSYoungGen      total 137216K, used 8454K [0x00000000d7000000, 0x00000000e0000000, 0x0000000100000000)
  eden space 126976K, 0% used [0x00000000d7000000,0x00000000d7000000,0x00000000dec00000)
  from space 10240K, 82% used [0x00000000df600000,0x00000000dfe41930,0x00000000e0000000)
  to   space 10240K, 0% used [0x00000000dec00000,0x00000000dec00000,0x00000000df600000)
 ParOldGen       total 84992K, used 9306K [0x0000000085000000, 0x000000008a300000, 0x00000000d7000000)
  object space 84992K, 10% used [0x0000000085000000,0x0000000085916ab0,0x000000008a300000)
 Metaspace       used 15127K, capacity 15526K, committed 15744K, reserved 1062912K
  class space    used 1787K, capacity 1879K, committed 1920K, reserved 1048576K
}
Event: 21,234 GC heap before
{Heap before GC invocations=7 (full 0):
 PSYoungGen      total 137216K, used 108147K [0x00000000d7000000, 0x00000000e0000000, 0x0000000100000000)
  eden space 126976K, 78% used [0x00000000d7000000,0x00000000dd15b608,0x00000000dec00000)
  from space 10240K, 82% used [0x00000000df600000,0x00000000dfe41930,0x00000000e0000000)
  to   space 10240K, 0% used [0x00000000dec00000,0x00000000dec00000,0x00000000df600000)
 ParOldGen       total 84992K, used 9306K [0x0000000085000000, 0x000000008a300000, 0x00000000d7000000)
  object space 84992K, 10% used [0x0000000085000000,0x0000000085916ab0,0x000000008a300000)
 Metaspace       used 20682K, capacity 21130K, committed 21296K, reserved 1069056K
  class space    used 2446K, capacity 2599K, committed 2688K, reserved 1048576K

