# JRE version: Java(TM) SE Runtime Environment (8.0_171-b11) (build 1.8.0_171-b11)
# Java VM: Java HotSpot(TM) 64-Bit Server VM (25.171-b11 mixed mode linux-amd64 compressed oops)
Heap:
 PSYoungGen      total 136704K, used 10215K [0x00000000d7000000, 0x00000000e0000000, 0x0000000100000000)
  eden space 126464K, 0% used [0x00000000d7000000,0x00000000d7000000,0x00000000deb80000)
  from space 10240K, 99% used [0x00000000deb80000,0x00000000df579e98,0x00000000df580000)
  to   space 9728K, 0% used [0x00000000df580000,0x00000000df580000,0x00000000dff00000)
 ParOldGen       total 84992K, used 25207K [0x0000000085000000, 0x000000008a300000, 0x00000000d7000000)
  object space 84992K, 29% used [0x0000000085000000,0x000000008689de78,0x000000008a300000)
 Metaspace       used 20817K, capacity 21222K, committed 21296K, reserved 1069056K
  class space    used 2461K, capacity 2589K, committed 2608K, reserved 1048576K
GC Heap History (10 events):
Event: 2,165 GC heap after
Heap after GC invocations=2 (full 0):
 PSYoungGen      total 36864K, used 5090K [0x00000000d7000000, 0x00000000d9900000, 0x0000000100000000)
  eden space 31744K, 0% used [0x00000000d7000000,0x00000000d7000000,0x00000000d8f00000)
  from space 5120K, 99% used [0x00000000d9400000,0x00000000d98f8bf8,0x00000000d9900000)
  to   space 5120K, 0% used [0x00000000d8f00000,0x00000000d8f00000,0x00000000d9400000)
 ParOldGen       total 84992K, used 2094K [0x0000000085000000, 0x000000008a300000, 0x00000000d7000000)
  object space 84992K, 2% used [0x0000000085000000,0x000000008520b890,0x000000008a300000)
 Metaspace       used 12705K, capacity 13058K, committed 13312K, reserved 1060864K
  class space    used 1572K, capacity 1684K, committed 1792K, reserved 1048576K
}
Event: 2,554 GC heap before
{Heap before GC invocations=3 (full 0):
 PSYoungGen      total 36864K, used 36834K [0x00000000d7000000, 0x00000000d9900000, 0x0000000100000000)
  eden space 31744K, 100% used [0x00000000d7000000,0x00000000d8f00000,0x00000000d8f00000)
  from space 5120K, 99% used [0x00000000d9400000,0x00000000d98f8bf8,0x00000000d9900000)
  to   space 5120K, 0% used [0x00000000d8f00000,0x00000000d8f00000,0x00000000d9400000)
 ParOldGen       total 84992K, used 2094K [0x0000000085000000, 0x000000008a300000, 0x00000000d7000000)
  object space 84992K, 2% used [0x0000000085000000,0x000000008520b890,0x000000008a300000)
 Metaspace       used 13509K, capacity 13798K, committed 14080K, reserved 1060864K
  class space    used 1643K, capacity 1759K, committed 1792K, reserved 1048576K
Event: 2,562 GC heap after
Heap after GC invocations=3 (full 0):
 PSYoungGen      total 36864K, used 5120K [0x00000000d7000000, 0x00000000db800000, 0x0000000100000000)
  eden space 31744K, 0% used [0x00000000d7000000,0x00000000d7000000,0x00000000d8f00000)
  from space 5120K, 100% used [0x00000000d8f00000,0x00000000d9400000,0x00000000d9400000)
  to   space 5120K, 0% used [0x00000000db300000,0x00000000db300000,0x00000000db800000)
 ParOldGen       total 84992K, used 3239K [0x0000000085000000, 0x000000008a300000, 0x00000000d7000000)
  object space 84992K, 3% used [0x0000000085000000,0x0000000085329da8,0x000000008a300000)
 Metaspace       used 13509K, capacity 13798K, committed 14080K, reserved 1060864K
  class space    used 1643K, capacity 1759K, committed 1792K, reserved 1048576K
}
Event: 2,751 GC heap before
{Heap before GC invocations=4 (full 0):
 PSYoungGen      total 36864K, used 36864K [0x00000000d7000000, 0x00000000db800000, 0x0000000100000000)
  eden space 31744K, 100% used [0x00000000d7000000,0x00000000d8f00000,0x00000000d8f00000)
  from space 5120K, 100% used [0x00000000d8f00000,0x00000000d9400000,0x00000000d9400000)
  to   space 5120K, 0% used [0x00000000db300000,0x00000000db300000,0x00000000db800000)
 ParOldGen       total 84992K, used 3239K [0x0000000085000000, 0x000000008a300000, 0x00000000d7000000)
  object space 84992K, 3% used [0x0000000085000000,0x0000000085329da8,0x000000008a300000)
 Metaspace       used 13569K, capacity 13926K, committed 14080K, reserved 1060864K
  class space    used 1645K, capacity 1759K, committed 1792K, reserved 1048576K
Event: 2,761 GC heap after
Heap after GC invocations=4 (full 0):
 PSYoungGen      total 68608K, used 5104K [0x00000000d7000000, 0x00000000db800000, 0x0000000100000000)
  eden space 63488K, 0% used [0x00000000d7000000,0x00000000d7000000,0x00000000dae00000)
  from space 5120K, 99% used [0x00000000db300000,0x00000000db7fc010,0x00000000db800000)
  to   space 5120K, 0% used [0x00000000dae00000,0x00000000dae00000,0x00000000db300000)
 ParOldGen       total 84992K, used 4719K [0x0000000085000000, 0x000000008a300000, 0x00000000d7000000)
  object space 84992K, 5% used [0x0000000085000000,0x000000008549bda8,0x000000008a300000)
 Metaspace       used 13569K, capacity 13926K, committed 14080K, reserved 1060864K
  class space    used 1645K, capacity 1759K, committed 1792K, reserved 1048576K
}
Event: 3,584 GC heap before
{Heap before GC invocations=5 (full 0):
 PSYoungGen      total 68608K, used 68592K [0x00000000d7000000, 0x00000000db800000, 0x0000000100000000)
  eden space 63488K, 100% used [0x00000000d7000000,0x00000000dae00000,0x00000000dae00000)
  from space 5120K, 99% used [0x00000000db300000,0x00000000db7fc010,0x00000000db800000)
  to   space 5120K, 0% used [0x00000000dae00000,0x00000000dae00000,0x00000000db300000)
 ParOldGen       total 84992K, used 4719K [0x0000000085000000, 0x000000008a300000, 0x00000000d7000000)
  object space 84992K, 5% used [0x0000000085000000,0x000000008549bda8,0x000000008a300000)
 Metaspace       used 13835K, capacity 14212K, committed 14336K, reserved 1062912K
  class space    used 1650K, capacity 1764K, committed 1792K, reserved 1048576K
Event: 3,604 GC heap after
Heap after GC invocations=5 (full 0):
 PSYoungGen      total 68608K, used 5088K [0x00000000d7000000, 0x00000000dff00000, 0x0000000100000000)
  eden space 63488K, 0% used [0x00000000d7000000,0x00000000d7000000,0x00000000dae00000)
  from space 5120K, 99% used [0x00000000dae00000,0x00000000db2f8020,0x00000000db300000)
  to   space 9728K, 0% used [0x00000000df580000,0x00000000df580000,0x00000000dff00000)
 ParOldGen       total 84992K, used 8623K [0x0000000085000000, 0x000000008a300000, 0x00000000d7000000)
  object space 84992K, 10% used [0x0000000085000000,0x000000008586bdb8,0x000000008a300000)
 Metaspace       used 13835K, capacity 14212K, committed 14336K, reserved 1062912K
  class space    used 1650K, capacity 1764K, committed 1792K, reserved 1048576K
}
Event: 5,218 GC heap before
{Heap before GC invocations=6 (full 0):
 PSYoungGen      total 68608K, used 68576K [0x00000000d7000000, 0x00000000dff00000, 0x0000000100000000)
  eden space 63488K, 100% used [0x00000000d7000000,0x00000000dae00000,0x00000000dae00000)
  from space 5120K, 99% used [0x00000000dae00000,0x00000000db2f8020,0x00000000db300000)
  to   space 9728K, 0% used [0x00000000df580000,0x00000000df580000,0x00000000dff00000)
 ParOldGen       total 84992K, used 8623K [0x0000000085000000, 0x000000008a300000, 0x00000000d7000000)
  object space 84992K, 10% used [0x0000000085000000,0x000000008586bdb8,0x000000008a300000)
 Metaspace       used 14797K, capacity 15074K, committed 15232K, reserved 1062912K
  class space    used 1745K, capacity 1837K, committed 1920K, reserved 1048576K
Event: 5,228 GC heap after
Heap after GC invocations=6 (full 0):
 PSYoungGen      total 136192K, used 8188K [0x00000000d7000000, 0x00000000e0000000, 0x0000000100000000)
  eden space 126464K, 0% used [0x00000000d7000000,0x00000000d7000000,0x00000000deb80000)
  from space 9728K, 84% used [0x00000000df580000,0x00000000dfd7f060,0x00000000dff00000)
  to   space 10240K, 0% used [0x00000000deb80000,0x00000000deb80000,0x00000000df580000)
 ParOldGen       total 84992K, used 8631K [0x0000000085000000, 0x000000008a300000, 0x00000000d7000000)
  object space 84992K, 10% used [0x0000000085000000,0x000000008586ddb8,0x000000008a300000)
 Metaspace       used 14797K, capacity 15074K, committed 15232K, reserved 1062912K
  class space    used 1745K, capacity 1837K, committed 1920K, reserved 1048576K
}
Event: 15,178 GC heap before
{Heap before GC invocations=7 (full 0):
 PSYoungGen      total 136192K, used 109571K [0x00000000d7000000, 0x00000000e0000000, 0x0000000100000000)
  eden space 126464K, 80% used [0x00000000d7000000,0x00000000dd301c48,0x00000000deb80000)
  from space 9728K, 84% used [0x00000000df580000,0x00000000dfd7f060,0x00000000dff00000)
  to   space 10240K, 0% used [0x00000000deb80000,0x00000000deb80000,0x00000000df580000)
 ParOldGen       total 84992K, used 8631K [0x0000000085000000, 0x000000008a300000, 0x00000000d7000000)
  object space 84992K, 10% used [0x0000000085000000,0x000000008586ddb8,0x000000008a300000)
 Metaspace       used 20817K, capacity 21222K, committed 21296K, reserved 1069056K
  class space    used 2461K, capacity 2589K, committed 2608K, reserved 1048576K

